W, [2024-09-12T08:19:09.619139 #3113]  WARN -- : Navigation failed because browser has disconnected! (Puppeteer::LifecycleWatcher::TerminatedError)
/Users/twknab/.rvm/gems/ruby-3.3.5/gems/concurrent-ruby-1.3.4/lib/concurrent-ruby/concurrent/promises.rb:1268:in `raise'
/Users/twknab/.rvm/gems/ruby-3.3.5/gems/concurrent-ruby-1.3.4/lib/concurrent-ruby/concurrent/promises.rb:1268:in `wait_until_resolved!'
/Users/twknab/.rvm/gems/ruby-3.3.5/gems/concurrent-ruby-1.3.4/lib/concurrent-ruby/concurrent/promises.rb:1482:in `value!'
/Users/twknab/.rvm/gems/ruby-3.3.5/gems/puppeteer-ruby-0.45.5/lib/puppeteer/lifecycle_watcher.rb:158:in `block (2 levels) in timeout_or_termination_promise'
/Users/twknab/.rvm/rubies/ruby-3.3.5/lib/ruby/3.3.0/timeout.rb:186:in `block in timeout'
/Users/twknab/.rvm/rubies/ruby-3.3.5/lib/ruby/3.3.0/timeout.rb:41:in `handle_timeout'
/Users/twknab/.rvm/rubies/ruby-3.3.5/lib/ruby/3.3.0/timeout.rb:195:in `timeout'
/Users/twknab/.rvm/gems/ruby-3.3.5/gems/puppeteer-ruby-0.45.5/lib/puppeteer/lifecycle_watcher.rb:157:in `block in timeout_or_termination_promise'
/Users/twknab/.rvm/gems/ruby-3.3.5/gems/puppeteer-ruby-0.45.5/lib/puppeteer/concurrent_ruby_utils.rb:62:in `block in future'
/Users/twknab/.rvm/gems/ruby-3.3.5/gems/concurrent-ruby-1.3.4/lib/concurrent-ruby/concurrent/promises.rb:1593:in `evaluate_to'
/Users/twknab/.rvm/gems/ruby-3.3.5/gems/concurrent-ruby-1.3.4/lib/concurrent-ruby/concurrent/promises.rb:1776:in `block in on_resolvable'
/Users/twknab/.rvm/gems/ruby-3.3.5/gems/concurrent-ruby-1.3.4/lib/concurrent-ruby/concurrent/executor/ruby_thread_pool_executor.rb:359:in `run_task'
/Users/twknab/.rvm/gems/ruby-3.3.5/gems/concurrent-ruby-1.3.4/lib/concurrent-ruby/concurrent/executor/ruby_thread_pool_executor.rb:350:in `block (3 levels) in create_worker'
<internal:kernel>:187:in `loop'
/Users/twknab/.rvm/gems/ruby-3.3.5/gems/concurrent-ruby-1.3.4/lib/concurrent-ruby/concurrent/executor/ruby_thread_pool_executor.rb:341:in `block (2 levels) in create_worker'
/Users/twknab/.rvm/gems/ruby-3.3.5/gems/concurrent-ruby-1.3.4/lib/concurrent-ruby/concurrent/executor/ruby_thread_pool_executor.rb:340:in `catch'
/Users/twknab/.rvm/gems/ruby-3.3.5/gems/concurrent-ruby-1.3.4/lib/concurrent-ruby/concurrent/executor/ruby_thread_pool_executor.rb:340:in `block in create_worker'
/Users/twknab/.rvm/gems/ruby-3.3.5/gems/concurrent-ruby-1.3.4/lib/concurrent-ruby/concurrent/promises.rb:1268:in `raise'
/Users/twknab/.rvm/gems/ruby-3.3.5/gems/concurrent-ruby-1.3.4/lib/concurrent-ruby/concurrent/promises.rb:1268:in `wait_until_resolved!'
/Users/twknab/.rvm/gems/ruby-3.3.5/gems/concurrent-ruby-1.3.4/lib/concurrent-ruby/concurrent/promises.rb:1482:in `value!'
/Users/twknab/.rvm/gems/ruby-3.3.5/gems/puppeteer-ruby-0.45.5/lib/puppeteer/lifecycle_watcher.rb:158:in `block (2 levels) in timeout_or_termination_promise'
/Users/twknab/.rvm/rubies/ruby-3.3.5/lib/ruby/3.3.0/timeout.rb:186:in `block in timeout'
/Users/twknab/.rvm/rubies/ruby-3.3.5/lib/ruby/3.3.0/timeout.rb:41:in `handle_timeout'
/Users/twknab/.rvm/rubies/ruby-3.3.5/lib/ruby/3.3.0/timeout.rb:195:in `timeout'
/Users/twknab/.rvm/gems/ruby-3.3.5/gems/puppeteer-ruby-0.45.5/lib/puppeteer/lifecycle_watcher.rb:157:in `block in timeout_or_termination_promise'
/Users/twknab/.rvm/gems/ruby-3.3.5/gems/puppeteer-ruby-0.45.5/lib/puppeteer/concurrent_ruby_utils.rb:62:in `block in future'
/Users/twknab/.rvm/gems/ruby-3.3.5/gems/concurrent-ruby-1.3.4/lib/concurrent-ruby/concurrent/promises.rb:1593:in `evaluate_to'
/Users/twknab/.rvm/gems/ruby-3.3.5/gems/concurrent-ruby-1.3.4/lib/concurrent-ruby/concurrent/promises.rb:1776:in `block in on_resolvable'
/Users/twknab/.rvm/gems/ruby-3.3.5/gems/concurrent-ruby-1.3.4/lib/concurrent-ruby/concurrent/executor/ruby_thread_pool_executor.rb:359:in `run_task'
/Users/twknab/.rvm/gems/ruby-3.3.5/gems/concurrent-ruby-1.3.4/lib/concurrent-ruby/concurrent/executor/ruby_thread_pool_executor.rb:350:in `block (3 levels) in create_worker'
<internal:kernel>:187:in `loop'
/Users/twknab/.rvm/gems/ruby-3.3.5/gems/concurrent-ruby-1.3.4/lib/concurrent-ruby/concurrent/executor/ruby_thread_pool_executor.rb:341:in `block (2 levels) in create_worker'
/Users/twknab/.rvm/gems/ruby-3.3.5/gems/concurrent-ruby-1.3.4/lib/concurrent-ruby/concurrent/executor/ruby_thread_pool_executor.rb:340:in `catch'
/Users/twknab/.rvm/gems/ruby-3.3.5/gems/concurrent-ruby-1.3.4/lib/concurrent-ruby/concurrent/executor/ruby_thread_pool_executor.rb:340:in `block in create_worker'
W, [2024-09-12T08:19:09.619433 #3113]  WARN -- : Navigation failed because browser has disconnected! (Puppeteer::LifecycleWatcher::TerminatedError)
/Users/twknab/.rvm/gems/ruby-3.3.5/gems/concurrent-ruby-1.3.4/lib/concurrent-ruby/concurrent/promises.rb:1268:in `raise'
/Users/twknab/.rvm/gems/ruby-3.3.5/gems/concurrent-ruby-1.3.4/lib/concurrent-ruby/concurrent/promises.rb:1268:in `wait_until_resolved!'
/Users/twknab/.rvm/gems/ruby-3.3.5/gems/concurrent-ruby-1.3.4/lib/concurrent-ruby/concurrent/promises.rb:1482:in `value!'
/Users/twknab/.rvm/gems/ruby-3.3.5/gems/puppeteer-ruby-0.45.5/lib/puppeteer/lifecycle_watcher.rb:158:in `block (2 levels) in timeout_or_termination_promise'
/Users/twknab/.rvm/rubies/ruby-3.3.5/lib/ruby/3.3.0/timeout.rb:186:in `block in timeout'
/Users/twknab/.rvm/rubies/ruby-3.3.5/lib/ruby/3.3.0/timeout.rb:41:in `handle_timeout'
/Users/twknab/.rvm/rubies/ruby-3.3.5/lib/ruby/3.3.0/timeout.rb:195:in `timeout'
/Users/twknab/.rvm/gems/ruby-3.3.5/gems/puppeteer-ruby-0.45.5/lib/puppeteer/lifecycle_watcher.rb:157:in `block in timeout_or_termination_promise'
/Users/twknab/.rvm/gems/ruby-3.3.5/gems/puppeteer-ruby-0.45.5/lib/puppeteer/concurrent_ruby_utils.rb:62:in `block in future'
/Users/twknab/.rvm/gems/ruby-3.3.5/gems/concurrent-ruby-1.3.4/lib/concurrent-ruby/concurrent/promises.rb:1593:in `evaluate_to'
/Users/twknab/.rvm/gems/ruby-3.3.5/gems/concurrent-ruby-1.3.4/lib/concurrent-ruby/concurrent/promises.rb:1776:in `block in on_resolvable'
/Users/twknab/.rvm/gems/ruby-3.3.5/gems/concurrent-ruby-1.3.4/lib/concurrent-ruby/concurrent/executor/ruby_thread_pool_executor.rb:359:in `run_task'
/Users/twknab/.rvm/gems/ruby-3.3.5/gems/concurrent-ruby-1.3.4/lib/concurrent-ruby/concurrent/executor/ruby_thread_pool_executor.rb:350:in `block (3 levels) in create_worker'
<internal:kernel>:187:in `loop'
/Users/twknab/.rvm/gems/ruby-3.3.5/gems/concurrent-ruby-1.3.4/lib/concurrent-ruby/concurrent/executor/ruby_thread_pool_executor.rb:341:in `block (2 levels) in create_worker'
/Users/twknab/.rvm/gems/ruby-3.3.5/gems/concurrent-ruby-1.3.4/lib/concurrent-ruby/concurrent/executor/ruby_thread_pool_executor.rb:340:in `catch'
/Users/twknab/.rvm/gems/ruby-3.3.5/gems/concurrent-ruby-1.3.4/lib/concurrent-ruby/concurrent/executor/ruby_thread_pool_executor.rb:340:in `block in create_worker'
/Users/twknab/.rvm/gems/ruby-3.3.5/gems/concurrent-ruby-1.3.4/lib/concurrent-ruby/concurrent/promises.rb:1268:in `raise'
/Users/twknab/.rvm/gems/ruby-3.3.5/gems/concurrent-ruby-1.3.4/lib/concurrent-ruby/concurrent/promises.rb:1268:in `wait_until_resolved!'
/Users/twknab/.rvm/gems/ruby-3.3.5/gems/concurrent-ruby-1.3.4/lib/concurrent-ruby/concurrent/promises.rb:1482:in `value!'
/Users/twknab/.rvm/gems/ruby-3.3.5/gems/puppeteer-ruby-0.45.5/lib/puppeteer/lifecycle_watcher.rb:158:in `block (2 levels) in timeout_or_termination_promise'
/Users/twknab/.rvm/rubies/ruby-3.3.5/lib/ruby/3.3.0/timeout.rb:186:in `block in timeout'
/Users/twknab/.rvm/rubies/ruby-3.3.5/lib/ruby/3.3.0/timeout.rb:41:in `handle_timeout'
/Users/twknab/.rvm/rubies/ruby-3.3.5/lib/ruby/3.3.0/timeout.rb:195:in `timeout'
/Users/twknab/.rvm/gems/ruby-3.3.5/gems/puppeteer-ruby-0.45.5/lib/puppeteer/lifecycle_watcher.rb:157:in `block in timeout_or_termination_promise'
/Users/twknab/.rvm/gems/ruby-3.3.5/gems/puppeteer-ruby-0.45.5/lib/puppeteer/concurrent_ruby_utils.rb:62:in `block in future'
/Users/twknab/.rvm/gems/ruby-3.3.5/gems/concurrent-ruby-1.3.4/lib/concurrent-ruby/concurrent/promises.rb:1593:in `evaluate_to'
/Users/twknab/.rvm/gems/ruby-3.3.5/gems/concurrent-ruby-1.3.4/lib/concurrent-ruby/concurrent/promises.rb:1776:in `block in on_resolvable'
/Users/twknab/.rvm/gems/ruby-3.3.5/gems/concurrent-ruby-1.3.4/lib/concurrent-ruby/concurrent/executor/ruby_thread_pool_executor.rb:359:in `run_task'
/Users/twknab/.rvm/gems/ruby-3.3.5/gems/concurrent-ruby-1.3.4/lib/concurrent-ruby/concurrent/executor/ruby_thread_pool_executor.rb:350:in `block (3 levels) in create_worker'
<internal:kernel>:187:in `loop'
/Users/twknab/.rvm/gems/ruby-3.3.5/gems/concurrent-ruby-1.3.4/lib/concurrent-ruby/concurrent/executor/ruby_thread_pool_executor.rb:341:in `block (2 levels) in create_worker'
/Users/twknab/.rvm/gems/ruby-3.3.5/gems/concurrent-ruby-1.3.4/lib/concurrent-ruby/concurrent/executor/ruby_thread_pool_executor.rb:340:in `catch'
/Users/twknab/.rvm/gems/ruby-3.3.5/gems/concurrent-ruby-1.3.4/lib/concurrent-ruby/concurrent/executor/ruby_thread_pool_executor.rb:340:in `block in create_worker'
